<?xml version="1.0" encoding="UTF-8"?>
<Site BuildName="Linux-c++"
	BuildStamp="20240801-0025-Experimental"
	Name="Kashimo"
	Generator="ctest-3.29.2"
	CompilerName="/usr/bin/c++"
	CompilerVersion="11.4.0"
	OSName="Linux"
	Hostname="Kashimo"
	OSRelease="5.15.153.1-microsoft-standard-WSL2"
	OSVersion="#1 SMP Fri Mar 29 23:14:13 UTC 2024"
	OSPlatform="x86_64"
	Is64Bits="1"
	VendorString="GenuineIntel"
	VendorID="Intel Corporation"
	FamilyID="6"
	ModelID="151"
	ProcessorCacheSize="30720"
	NumberOfLogicalCPU="24"
	NumberOfPhysicalCPU="12"
	TotalVirtualMemory="12288"
	TotalPhysicalMemory="48175"
	LogicalProcessorsPerPhysical="2"
	ProcessorClockFrequency="3187.2"
	>
	<Testing>
		<StartDateTime>Jul 31 20:25 EDT</StartDateTime>
		<StartTestTime>1722471948</StartTestTime>
		<TestList/>
		<EndDateTime>Jul 31 20:25 EDT</EndDateTime>
		<EndTestTime>1722471948</EndTestTime>
		<ElapsedMinutes>0</ElapsedMinutes>
	</Testing>
</Site>
